<?xml version="1.0" encoding="UTF-8"?>
<!-- Generated by org.testng.reporters.JUnitXMLReporter -->
<testsuite ignored="0" hostname="DESKTOP-O213TSE" failures="0" tests="3" name="OrangeHRMLoginDashboardTest" time="59.029" errors="0" timestamp="2021-02-05T11:36:50 IST">
  <testcase classname="com.stackroute.seleniumPOM.TestPages.LoginPageTest" name="InvalidLoginTest" time="2.992"/>
  <testcase classname="com.stackroute.seleniumPOM.TestPages.LoginPageTest" name="validLoginTest" time="6.854"/>
  <testcase classname="com.stackroute.seleniumPOM.TestPages.DashboardPageTest" name="logoutTest" time="16.364"/>
</testsuite> <!-- OrangeHRMLoginDashboardTest -->
