<?xml version="1.0" encoding="UTF-8"?>
<!-- Generated by org.testng.reporters.JUnitXMLReporter -->
<testsuite ignored="0" hostname="DESKTOP-O213TSE" failures="0" tests="2" name="OrangeHRMLoginTest" time="26.79" errors="0" timestamp="2021-02-05T11:35:37 IST">
  <testcase classname="com.stackroute.seleniumPOM.TestPages.LoginPageTest" name="InvalidLoginTest" time="3.215"/>
  <testcase classname="com.stackroute.seleniumPOM.TestPages.LoginPageTest" name="validLoginTest" time="6.985"/>
</testsuite> <!-- OrangeHRMLoginTest -->
