<?xml version="1.0" encoding="UTF-8"?>
<testng-results ignored="0" total="1" passed="1" failed="0" skipped="0">
  <reporter-output>
  </reporter-output>
  <suite started-at="2021-02-09T18:23:23 UTC" name="Default suite" finished-at="2021-02-09T18:23:48 UTC" duration-ms="25269">
    <groups>
    </groups>
    <test started-at="2021-02-09T18:23:23 UTC" name="Default test" finished-at="2021-02-09T18:23:48 UTC" duration-ms="25269">
      <class name="com.stackroute.seleniumPOM.TestPages.SearchPageTest">
        <test-method is-config="true" signature="init()[pri:0, instance:com.stackroute.seleniumPOM.TestPages.SearchPageTest@26e356f0]" started-at="2021-02-09T18:23:23 UTC" name="init" finished-at="2021-02-09T18:23:31 UTC" duration-ms="8017" status="PASS">
          <reporter-output>
          </reporter-output>
        </test-method> <!-- init -->
        <test-method signature="searchPage()[pri:0, instance:com.stackroute.seleniumPOM.TestPages.SearchPageTest@26e356f0]" started-at="2021-02-09T18:23:31 UTC" name="searchPage" finished-at="2021-02-09T18:23:48 UTC" duration-ms="17178" status="PASS">
          <reporter-output>
          </reporter-output>
        </test-method> <!-- searchPage -->
      </class> <!-- com.stackroute.seleniumPOM.TestPages.SearchPageTest -->
    </test> <!-- Default test -->
  </suite> <!-- Default suite -->
</testng-results>
