<?xml version="1.0" encoding="UTF-8"?>
<!-- Generated by org.testng.reporters.JUnitXMLReporter -->
<testsuite ignored="0" hostname="DESKTOP-O213TSE" failures="0" tests="2" name="OrangeHRMLoginGridTest" time="48.159" errors="0" timestamp="2021-02-05T15:47:39 IST">
  <testcase classname="com.stackroute.selenium.gridTest.ChromeLoginTest" name="verifyLogin" time="11.812"/>
  <testcase classname="com.stackroute.selenium.gridTest.FirefoxLoginTest" name="verifyLogin" time="0.96"/>
</testsuite> <!-- OrangeHRMLoginGridTest -->
